Bad Checksum - idPage: 0, tyPage: 0, iPage: 0
Source      : C:\Documents and Settings\lsilva\Meus documentos\Demos\RedeSocial\App_Data\RedeSocial.mdf
Destination : C:\DOCUME~1\lsilva\CONFIG~1\Temp\sql19.tmp
Repairing - verMajor: 1, verMinor: 0, verBuild: 0, verPoint: 0
Time - 2010-20-05 13:44:12.687
Database format in database header page is corrupt (or not a database file)
Bad Checksum - idPage: 0, tyPage: 0, iPage: 37
Bad Checksum - idPage: 1, tyPage: 0, iPage: 47
Bad Checksum - idPage: 2, tyPage: 0, iPage: 99
Bad Checksum - idPage: 4, tyPage: 0, iPage: 113
Bad Checksum - idPage: 10, tyPage: 0, iPage: 215
Bad Checksum - idPage: 20, tyPage: 0, iPage: 333
Bad Checksum - idPage: 48, tyPage: 3, iPage: 249
Bad Checksum - idPage: 53, tyPage: 0, iPage: 285
Bad Checksum - idPage: 96, tyPage: 0, iPage: 87
Bad Checksum - idPage: 115, tyPage: 3, iPage: 225
Bad Checksum - idPage: 256, tyPage: 0, iPage: 307
Bad Checksum - idPage: 512, tyPage: 0, iPage: 102
Bad Checksum - idPage: 514, tyPage: 0, iPage: 90
Bad Checksum - idPage: 518, tyPage: 0, iPage: 64
Bad Checksum - idPage: 1024, tyPage: 0, iPage: 327
Bad Checksum - idPage: 4096, tyPage: 0, iPage: 273
Bad Checksum - idPage: 12288, tyPage: 0, iPage: 75
Bad Checksum - idPage: 25856, tyPage: 0, iPage: 163
Bad Checksum - idPage: 33280, tyPage: 0, iPage: 352
Bad Checksum - idPage: 40960, tyPage: 4, iPage: 139
Bad Checksum - idPage: 49664, tyPage: 0, iPage: 378
Bad Checksum - idPage: 65536, tyPage: 0, iPage: 277
Bad Checksum - idPage: 65562, tyPage: 0, iPage: 203
Bad Checksum - idPage: 66048, tyPage: 0, iPage: 320
Bad Checksum - idPage: 66050, tyPage: 0, iPage: 94
Bad Checksum - idPage: 74017, tyPage: 2, iPage: 85
Bad Checksum - idPage: 98816, tyPage: 0, iPage: 334
Bad Checksum - idPage: 114690, tyPage: 0, iPage: 92
Bad Checksum - idPage: 115200, tyPage: 0, iPage: 386
Bad Checksum - idPage: 127970, tyPage: 13, iPage: 470
Bad Checksum - idPage: 131173, tyPage: 6, iPage: 59
Bad Checksum - idPage: 131584, tyPage: 0, iPage: 110
Bad Checksum - idPage: 147968, tyPage: 0, iPage: 218
Bad Checksum - idPage: 163707, tyPage: 15, iPage: 402
Bad Checksum - idPage: 163763, tyPage: 13, iPage: 429
Bad Checksum - idPage: 163776, tyPage: 15, iPage: 487
Bad Checksum - idPage: 164352, tyPage: 0, iPage: 350
Bad Checksum - idPage: 180736, tyPage: 0, iPage: 26
Bad Checksum - idPage: 194942, tyPage: 15, iPage: 413
Bad Checksum - idPage: 196608, tyPage: 0, iPage: 297
Bad Checksum - idPage: 196609, tyPage: 2, iPage: 303
Bad Checksum - idPage: 196616, tyPage: 1, iPage: 171
Bad Checksum - idPage: 196729, tyPage: 7, iPage: 233
Bad Checksum - idPage: 197120, tyPage: 0, iPage: 44
Bad Checksum - idPage: 197122, tyPage: 0, iPage: 88
Bad Checksum - idPage: 200700, tyPage: 14, iPage: 447
Bad Checksum - idPage: 228943, tyPage: 11, iPage: 508
Bad Checksum - idPage: 229131, tyPage: 4, iPage: 393
Bad Checksum - idPage: 229378, tyPage: 0, iPage: 86
Bad Checksum - idPage: 246272, tyPage: 0, iPage: 42
Bad Checksum - idPage: 258911, tyPage: 11, iPage: 423
Bad Checksum - idPage: 261455, tyPage: 2, iPage: 361
Bad Checksum - idPage: 261535, tyPage: 7, iPage: 420
Bad Checksum - idPage: 261931, tyPage: 13, iPage: 360
Bad Checksum - idPage: 261950, tyPage: 4, iPage: 451
Bad Checksum - idPage: 262078, tyPage: 15, iPage: 505
Bad Checksum - idPage: 262178, tyPage: 6, iPage: 219
Bad Checksum - idPage: 262256, tyPage: 7, iPage: 83
Bad Checksum - idPage: 262656, tyPage: 0, iPage: 244
Bad Checksum - idPage: 303097, tyPage: 15, iPage: 418
Bad Checksum - idPage: 327292, tyPage: 14, iPage: 465
Bad Checksum - idPage: 327680, tyPage: 6, iPage: 323
Bad Checksum - idPage: 327787, tyPage: 6, iPage: 231
Bad Checksum - idPage: 333391, tyPage: 13, iPage: 469
Bad Checksum - idPage: 360271, tyPage: 15, iPage: 482
Bad Checksum - idPage: 392781, tyPage: 9, iPage: 457
Bad Checksum - idPage: 392799, tyPage: 8, iPage: 479
Bad Checksum - idPage: 393039, tyPage: 1, iPage: 440
Bad Checksum - idPage: 393111, tyPage: 14, iPage: 462
Bad Checksum - idPage: 404986, tyPage: 15, iPage: 500
Bad Checksum - idPage: 409453, tyPage: 15, iPage: 460
Bad Checksum - idPage: 457735, tyPage: 9, iPage: 511
Bad Checksum - idPage: 458511, tyPage: 10, iPage: 411
Bad Checksum - idPage: 458709, tyPage: 12, iPage: 391
Bad Checksum - idPage: 458717, tyPage: 9, iPage: 427
Bad Checksum - idPage: 482045, tyPage: 4, iPage: 456
Bad Checksum - idPage: 489535, tyPage: 15, iPage: 484
Bad Checksum - idPage: 490943, tyPage: 7, iPage: 404
Bad Checksum - idPage: 507799, tyPage: 12, iPage: 455
Bad Checksum - idPage: 518119, tyPage: 14, iPage: 147
Bad Checksum - idPage: 518527, tyPage: 15, iPage: 441
Bad Checksum - idPage: 522623, tyPage: 11, iPage: 458
Bad Checksum - idPage: 522870, tyPage: 0, iPage: 448
Bad Checksum - idPage: 524288, tyPage: 3, iPage: 81
Bad Checksum - idPage: 569312, tyPage: 7, iPage: 496
Bad Checksum - idPage: 581503, tyPage: 14, iPage: 478
Bad Checksum - idPage: 589840, tyPage: 1, iPage: 195
Bad Checksum - idPage: 589852, tyPage: 4, iPage: 261
Bad Checksum - idPage: 622075, tyPage: 15, iPage: 396
Bad Checksum - idPage: 633855, tyPage: 13, iPage: 388
Bad Checksum - idPage: 638957, tyPage: 7, iPage: 405
Bad Checksum - idPage: 647061, tyPage: 15, iPage: 392
Bad Checksum - idPage: 647115, tyPage: 14, iPage: 494
Bad Checksum - idPage: 647152, tyPage: 15, iPage: 410
Bad Checksum - idPage: 652287, tyPage: 15, iPage: 490
Bad Checksum - idPage: 654751, tyPage: 10, iPage: 489
Bad Checksum - idPage: 654943, tyPage: 14, iPage: 436
Bad Checksum - idPage: 655287, tyPage: 14, iPage: 422
Bad Checksum - idPage: 658788, tyPage: 0, iPage: 385
Bad Checksum - idPage: 671390, tyPage: 15, iPage: 446
Bad Checksum - idPage: 671723, tyPage: 15, iPage: 435
Bad Checksum - idPage: 679851, tyPage: 15, iPage: 497
Bad Checksum - idPage: 703095, tyPage: 15, iPage: 365
Bad Checksum - idPage: 704399, tyPage: 14, iPage: 459
Bad Checksum - idPage: 720555, tyPage: 11, iPage: 363
Bad Checksum - idPage: 720598, tyPage: 9, iPage: 486
Bad Checksum - idPage: 720791, tyPage: 12, iPage: 453
Bad Checksum - idPage: 724962, tyPage: 11, iPage: 395
Bad Checksum - idPage: 729064, tyPage: 15, iPage: 463
Bad Checksum - idPage: 737147, tyPage: 15, iPage: 426
Bad Checksum - idPage: 745417, tyPage: 15, iPage: 476
Bad Checksum - idPage: 753295, tyPage: 15, iPage: 419
Bad Checksum - idPage: 781023, tyPage: 12, iPage: 364
Bad Checksum - idPage: 782975, tyPage: 9, iPage: 472
Bad Checksum - idPage: 785435, tyPage: 1, iPage: 443
Bad Checksum - idPage: 785528, tyPage: 13, iPage: 434
Bad Checksum - idPage: 785695, tyPage: 3, iPage: 394
Bad Checksum - idPage: 785911, tyPage: 11, iPage: 431
Bad Checksum - idPage: 786159, tyPage: 7, iPage: 474
Bad Checksum - idPage: 786434, tyPage: 0, iPage: 91
Bad Checksum - idPage: 794614, tyPage: 15, iPage: 492
Bad Checksum - idPage: 796487, tyPage: 2, iPage: 257
Bad Checksum - idPage: 810774, tyPage: 7, iPage: 432
Bad Checksum - idPage: 826863, tyPage: 15, iPage: 466
Bad Checksum - idPage: 835520, tyPage: 7, iPage: 450
Bad Checksum - idPage: 864231, tyPage: 7, iPage: 468
Bad Checksum - idPage: 870391, tyPage: 15, iPage: 481
Bad Checksum - idPage: 896895, tyPage: 13, iPage: 495
Bad Checksum - idPage: 897011, tyPage: 15, iPage: 475
Bad Checksum - idPage: 897013, tyPage: 15, iPage: 399
Bad Checksum - idPage: 901063, tyPage: 14, iPage: 502
Bad Checksum - idPage: 917183, tyPage: 3, iPage: 444
Bad Checksum - idPage: 917371, tyPage: 14, iPage: 437
Bad Checksum - idPage: 917493, tyPage: 13, iPage: 397
Bad Checksum - idPage: 917530, tyPage: 2, iPage: 281
Bad Checksum - idPage: 921594, tyPage: 15, iPage: 503
Bad Checksum - idPage: 932862, tyPage: 7, iPage: 491
Bad Checksum - idPage: 937751, tyPage: 11, iPage: 480
Bad Checksum - idPage: 940029, tyPage: 15, iPage: 510
Bad Checksum - idPage: 949238, tyPage: 15, iPage: 433
Bad Checksum - idPage: 952314, tyPage: 7, iPage: 415
Bad Checksum - idPage: 954346, tyPage: 15, iPage: 442
Bad Checksum - idPage: 961959, tyPage: 15, iPage: 507
Bad Checksum - idPage: 964597, tyPage: 15, iPage: 464
Bad Checksum - idPage: 970737, tyPage: 15, iPage: 417
Bad Checksum - idPage: 982447, tyPage: 2, iPage: 452
Bad Checksum - idPage: 982895, tyPage: 13, iPage: 425
Bad Checksum - idPage: 983156, tyPage: 6, iPage: 133
Bad Checksum - idPage: 983552, tyPage: 15, iPage: 298
Bad Checksum - idPage: 989166, tyPage: 12, iPage: 467
Bad Checksum - idPage: 991015, tyPage: 14, iPage: 473
Bad Checksum - idPage: 994463, tyPage: 15, iPage: 356
Bad Checksum - idPage: 994845, tyPage: 15, iPage: 501
Bad Checksum - idPage: 996343, tyPage: 15, iPage: 430
Bad Checksum - idPage: 997373, tyPage: 1, iPage: 408
Bad Checksum - idPage: 1002494, tyPage: 15, iPage: 498
Bad Checksum - idPage: 1003428, tyPage: 7, iPage: 398
Bad Checksum - idPage: 1005457, tyPage: 11, iPage: 362
Bad Checksum - idPage: 1012732, tyPage: 11, iPage: 355
Bad Checksum - idPage: 1014780, tyPage: 15, iPage: 366
Bad Checksum - idPage: 1015295, tyPage: 7, iPage: 493
Bad Checksum - idPage: 1016320, tyPage: 15, iPage: 296
Bad Checksum - idPage: 1021743, tyPage: 12, iPage: 390
Bad Checksum - idPage: 1022015, tyPage: 15, iPage: 461
Bad Checksum - idPage: 1022934, tyPage: 11, iPage: 412
Bad Checksum - idPage: 1025790, tyPage: 3, iPage: 424
Bad Checksum - idPage: 1027326, tyPage: 3, iPage: 357
Bad Checksum - idPage: 1027582, tyPage: 5, iPage: 445
Bad Checksum - idPage: 1029096, tyPage: 5, iPage: 414
Bad Checksum - idPage: 1029624, tyPage: 11, iPage: 409
Bad Checksum - idPage: 1033214, tyPage: 13, iPage: 406
Bad Checksum - idPage: 1033855, tyPage: 7, iPage: 407
Bad Checksum - idPage: 1034583, tyPage: 11, iPage: 389
Bad Checksum - idPage: 1035263, tyPage: 11, iPage: 471
Bad Checksum - idPage: 1038324, tyPage: 14, iPage: 421
Bad Checksum - idPage: 1038719, tyPage: 5, iPage: 367
Bad Checksum - idPage: 1039127, tyPage: 7, iPage: 499
Bad Checksum - idPage: 1040355, tyPage: 15, iPage: 358
Bad Checksum - idPage: 1040376, tyPage: 7, iPage: 506
Bad Checksum - idPage: 1040639, tyPage: 14, iPage: 509
Bad Checksum - idPage: 1041151, tyPage: 3, iPage: 439
Bad Checksum - idPage: 1041407, tyPage: 1, iPage: 354
Bad Checksum - idPage: 1042430, tyPage: 15, iPage: 488
Bad Checksum - idPage: 1042431, tyPage: 3, iPage: 438
Bad Checksum - idPage: 1042686, tyPage: 1, iPage: 477
Bad Checksum - idPage: 1043966, tyPage: 15, iPage: 428
Bad Checksum - idPage: 1045198, tyPage: 13, iPage: 454
Bad Checksum - idPage: 1045244, tyPage: 15, iPage: 485
Bad Checksum - idPage: 1045615, tyPage: 8, iPage: 504
Bad Checksum - idPage: 1046967, tyPage: 0, iPage: 345
Bad Checksum - idPage: 1047226, tyPage: 8, iPage: 416
Bad Checksum - idPage: 1047427, tyPage: 11, iPage: 359
Bad Checksum - idPage: 1047663, tyPage: 11, iPage: 403
Bad Checksum - idPage: 1047978, tyPage: 14, iPage: 449
Bad Checksum - idPage: 1048446, tyPage: 9, iPage: 483
Bad Checksum - idPage: 1048575, tyPage: 15, iPage: 5
